<?xml version="1.0" encoding="UTF-8"?>
<!-- Generated by org.testng.reporters.JUnitReportReporter -->
<testsuite hostname="MSI" failures="0" tests="1" name="prathmesh.LoginTest" time="13.474" errors="0" timestamp="2025-10-30T15:02:46 IST" skipped="0">
  <testcase classname="prathmesh.LoginTest" name="Loginintoapplication" time="13.474"/>
</testsuite> <!-- prathmesh.LoginTest -->
