<?xml version="1.0" encoding="UTF-8"?>
<!-- Generated by org.testng.reporters.JUnitReportReporter -->
<testsuite hostname="MSI" failures="0" tests="1" name="prathmesh.LaunchTest" time="7.194" errors="0" timestamp="2025-10-29T20:21:43 IST" skipped="0">
  <testcase classname="prathmesh.LaunchTest" name="VerifySauceDemoTitle" time="7.194"/>
</testsuite> <!-- prathmesh.LaunchTest -->
