<?xml version="1.0" encoding="UTF-8"?>
<!-- Generated by org.testng.reporters.JUnitReportReporter -->
<testsuite hostname="MSI" failures="0" tests="1" name="prathmesh.LoginTest" time="11.890" errors="0" timestamp="2025-11-01T13:07:04 IST" skipped="0">
  <testcase classname="prathmesh.LoginTest" name="Loginintoapplication" time="11.890"/>
</testsuite> <!-- prathmesh.LoginTest -->
